<?xml version="1.0" encoding="UTF-8"?>
<testsuite xmlns:xsi="http://www.w3.org/2001/XMLSchema-instance" xsi:noNamespaceSchemaLocation="https://maven.apache.org/surefire/maven-surefire-plugin/xsd/surefire-test-report-3.0.xsd" version="3.0" name="org.i9Bach.mathUtils.MathutilsTest" time="15.045" tests="7" errors="0" skipped="0" failures="0">
  <properties>
[...]
</properties>
  <testcase name="test1" classname="org.i9Bach.mathUtils.MathutilsTest" time="0.013"/>
  <testcase name="test2" classname="org.i9Bach.mathUtils.MathutilsTest" time="5.006"/>
  <testcase name="test3" classname="org.i9Bach.mathUtils.MathutilsTest" time="0.007"/>
  <testcase name="test4" classname="org.i9Bach.mathUtils.MathutilsTest" time="5.003"/>
  <testcase name="test5" classname="org.i9Bach.mathUtils.MathutilsTest" time="5.002"/>
  <testcase name="test6" classname="org.i9Bach.mathUtils.MathutilsTest" time="0.001"/>
  <testcase name="test7" classname="org.i9Bach.mathUtils.MathutilsTest" time="0.001"/>
</testsuite>